Start testing: Jul 24 10:01 Jerusalem Daylight Time
----------------------------------------------------------
1/1 Testing: MathLibraryTest
1/1 Test: MathLibraryTest
Command: "C:/Users/tamir/university/IntroductionToComputerScience/mathLibrary/cmake-build-debug/run_tests.exe"
Directory: C:/Users/tamir/university/IntroductionToComputerScience/mathLibrary/cmake-build-debug
"MathLibraryTest" start time: Jul 24 10:01 Jerusalem Daylight Time
Output:
----------------------------------------------------------
12.000000
5.000000
48.212736
0.841471
<end of output>
Test time =   0.04 sec
----------------------------------------------------------
Test Passed.
"MathLibraryTest" end time: Jul 24 10:01 Jerusalem Daylight Time
"MathLibraryTest" time elapsed: 00:00:00
----------------------------------------------------------

End testing: Jul 24 10:01 Jerusalem Daylight Time
