Start testing: Jul 31 21:03 Jerusalem Daylight Time
----------------------------------------------------------
1/1 Testing: MathLibraryTest
1/1 Test: MathLibraryTest
Command: "C:/Users/tamir/university/IntroductionToComputerScience/mathLibrary/cmake-build-debug/run_tests.exe"
Directory: C:/Users/tamir/university/IntroductionToComputerScience/mathLibrary/cmake-build-debug
"MathLibraryTest" start time: Jul 31 21:03 Jerusalem Daylight Time
Output:
----------------------------------------------------------
division by zero
Tests passed: 96
Tests failed: 0
<end of output>
Test time =   0.04 sec
----------------------------------------------------------
Test Passed.
"MathLibraryTest" end time: Jul 31 21:03 Jerusalem Daylight Time
"MathLibraryTest" time elapsed: 00:00:00
----------------------------------------------------------

End testing: Jul 31 21:03 Jerusalem Daylight Time
